> Task :compileJava UP-TO-DATE
> Task :processResources
> Task :classes
> Task :resolveMainClassName

> Task :bootRun

  .   ____          _            __ _ _
 /\\ / ___'_ __ _ _(_)_ __  __ _ \ \ \ \
( ( )\___ | '_ | '_| | '_ \/ _` | \ \ \ \
 \\/  ___)| |_)| | | | | || (_| |  ) ) ) )
  '  |____| .__|_| |_|_| |_\__, | / / / /
 =========|_|==============|___/=/_/_/_/
 :: Spring Boot ::                (v3.2.0)

2025-11-07T16:15:42.794+09:00  INFO 68127 --- [spring-boot-elasticsearch] [  restartedMain] c.e.e.SpringBootElasticsearchApplication : Starting SpringBootElasticsearchApplication using Java 17.0.16 with PID 68127 (/Users/megasoby/Work/WorkSpace/Cursor/spring-boot-elasticsearch/build/classes/java/main started by megasoby in /Users/megasoby/Work/WorkSpace/Cursor/spring-boot-elasticsearch)
2025-11-07T16:15:42.795+09:00 DEBUG 68127 --- [spring-boot-elasticsearch] [  restartedMain] c.e.e.SpringBootElasticsearchApplication : Running with Spring Boot v3.2.0, Spring v6.1.1
2025-11-07T16:15:42.796+09:00  INFO 68127 --- [spring-boot-elasticsearch] [  restartedMain] c.e.e.SpringBootElasticsearchApplication : No active profile set, falling back to 1 default profile: "default"
2025-11-07T16:15:42.816+09:00  INFO 68127 --- [spring-boot-elasticsearch] [  restartedMain] .e.DevToolsPropertyDefaultsPostProcessor : Devtools property defaults active! Set 'spring.devtools.add-properties' to 'false' to disable
2025-11-07T16:15:42.816+09:00  INFO 68127 --- [spring-boot-elasticsearch] [  restartedMain] .e.DevToolsPropertyDefaultsPostProcessor : For additional web related logging consider setting the 'logging.level.web' property to 'DEBUG'
2025-11-07T16:15:43.066+09:00  INFO 68127 --- [spring-boot-elasticsearch] [  restartedMain] .s.d.r.c.RepositoryConfigurationDelegate : Bootstrapping Spring Data Elasticsearch repositories in DEFAULT mode.
2025-11-07T16:15:43.092+09:00  INFO 68127 --- [spring-boot-elasticsearch] [  restartedMain] .s.d.r.c.RepositoryConfigurationDelegate : Finished Spring Data repository scanning in 24 ms. Found 1 Elasticsearch repository interface.
2025-11-07T16:15:43.095+09:00  INFO 68127 --- [spring-boot-elasticsearch] [  restartedMain] .s.d.r.c.RepositoryConfigurationDelegate : Bootstrapping Spring Data Reactive Elasticsearch repositories in DEFAULT mode.
2025-11-07T16:15:43.102+09:00  INFO 68127 --- [spring-boot-elasticsearch] [  restartedMain] .s.d.r.c.RepositoryConfigurationDelegate : Finished Spring Data repository scanning in 6 ms. Found 0 Reactive Elasticsearch repository interfaces.
2025-11-07T16:15:43.326+09:00  INFO 68127 --- [spring-boot-elasticsearch] [  restartedMain] o.s.b.w.embedded.tomcat.TomcatWebServer  : Tomcat initialized with port 8081 (http)
2025-11-07T16:15:43.332+09:00  INFO 68127 --- [spring-boot-elasticsearch] [  restartedMain] o.apache.catalina.core.StandardService   : Starting service [Tomcat]
2025-11-07T16:15:43.332+09:00  INFO 68127 --- [spring-boot-elasticsearch] [  restartedMain] o.apache.catalina.core.StandardEngine    : Starting Servlet engine: [Apache Tomcat/10.1.16]
2025-11-07T16:15:43.355+09:00  INFO 68127 --- [spring-boot-elasticsearch] [  restartedMain] o.a.c.c.C.[Tomcat].[localhost].[/]       : Initializing Spring embedded WebApplicationContext
2025-11-07T16:15:43.356+09:00  INFO 68127 --- [spring-boot-elasticsearch] [  restartedMain] w.s.c.ServletWebServerApplicationContext : Root WebApplicationContext: initialization completed in 538 ms
2025-11-07T16:15:43.560+09:00  INFO 68127 --- [spring-boot-elasticsearch] [  restartedMain] o.s.b.d.a.OptionalLiveReloadServer       : LiveReload server is running on port 35729
2025-11-07T16:15:43.675+09:00  INFO 68127 --- [spring-boot-elasticsearch] [  restartedMain] o.s.b.a.w.s.WelcomePageHandlerMapping    : Adding welcome page: class path resource [static/index.html]
2025-11-07T16:15:43.806+09:00  INFO 68127 --- [spring-boot-elasticsearch] [  restartedMain] o.s.b.w.embedded.tomcat.TomcatWebServer  : Tomcat started on port 8081 (http) with context path ''
2025-11-07T16:15:43.811+09:00  INFO 68127 --- [spring-boot-elasticsearch] [  restartedMain] c.e.e.SpringBootElasticsearchApplication : Started SpringBootElasticsearchApplication in 1.169 seconds (process running for 1.353)
2025-11-07T16:15:56.638+09:00  INFO 68127 --- [spring-boot-elasticsearch] [nio-8081-exec-1] o.a.c.c.C.[Tomcat].[localhost].[/]       : Initializing Spring DispatcherServlet 'dispatcherServlet'
2025-11-07T16:15:56.639+09:00  INFO 68127 --- [spring-boot-elasticsearch] [nio-8081-exec-1] o.s.web.servlet.DispatcherServlet        : Initializing Servlet 'dispatcherServlet'
2025-11-07T16:15:56.639+09:00  INFO 68127 --- [spring-boot-elasticsearch] [nio-8081-exec-1] o.s.web.servlet.DispatcherServlet        : Completed initialization in 0 ms
